<component name="ArtifactManager">
  <artifact type="exploded-war" name="junit5-api-example:war exploded">
    <output-path>$PROJECT_DIR$/out/artifacts/junit5_api_example_war_exploded</output-path>
    <root id="root">
      <element id="javaee-facet-resources" facet="junit5-api-example/web/Web" />
      <element id="directory" name="WEB-INF">
        <element id="directory" name="classes">
          <element id="module-output" name="junit5-api-example" />
        </element>
      </element>
    </root>
  </artifact>
</component>